prediction results from file: pred_pos.eas variable: col[0]
3
column 1: observation location (x)
pred(testvar)
var(testvar)
 10 2 0
 10.1 2.12846 0.145062
 10.2 2.25629 0.279843
 10.3 2.38282 0.403881
 10.4 2.50743 0.516901
 10.5 2.62946 0.618809
 10.6 2.74829 0.709687
 10.7 2.86325 0.789775
 10.8 2.97371 0.859465
 10.9 3.07904 0.919282
 11 3.17857 0.969866
 11.1 3.27168 1.01195
 11.2 3.35771 1.04635
 11.3 3.43604 1.0739
 11.4 3.506 1.09549
 11.5 3.56696 1.11197
 11.6 3.61829 1.12417
 11.7 3.65932 1.13282
 11.8 3.68943 1.13853
 11.9 3.70796 1.14179
 12 3.71429 1.14286
 12.1 3.71429 1.14286
 12.2 3.71429 1.14286
 12.3 3.71429 1.14286
 12.4 3.71429 1.14286
 12.5 3.71429 1.14286
 12.6 3.71429 1.14286
 12.7 3.71429 1.14286
 12.8 3.71429 1.14286
 12.9 3.71429 1.14286
 13 3.71429 1.14286
 13.1 3.71429 1.14286
 13.2 3.71429 1.14286
 13.3 3.71429 1.14286
 13.4 3.71429 1.14286
 13.5 3.71429 1.14286
 13.6 3.71429 1.14286
 13.7 3.71429 1.14286
 13.8 3.71429 1.14286
 13.9 3.71429 1.14286
 14 3.71429 1.14286
 14.1 3.71429 1.14286
 14.2 3.71429 1.14286
 14.3 3.71429 1.14286
 14.4 3.71429 1.14286
 14.5 3.71429 1.14286
 14.6 3.71429 1.14286
 14.7 3.71429 1.14286
 14.8 3.71429 1.14286
 14.9 3.71429 1.14286
 15 3.71429 1.14286
 15.1 3.71429 1.14286
 15.2 3.71429 1.14286
 15.3 3.71429 1.14286
 15.4 3.71429 1.14286
 15.5 3.71429 1.14286
 15.6 3.71429 1.14286
 15.7 3.71429 1.14286
 15.8 3.71429 1.14286
 15.9 3.71429 1.14286
 16 3.71429 1.14286
 16.1 3.71429 1.14286
 16.2 3.71429 1.14286
 16.3 3.71429 1.14286
 16.4 3.71429 1.14286
 16.5 3.71429 1.14286
 16.6 3.71429 1.14286
 16.7 3.71429 1.14286
 16.8 3.71429 1.14286
 16.9 3.71429 1.14286
 17 3.71429 1.14286
 17.1 3.71429 1.14286
 17.2 3.71429 1.14286
 17.3 3.71429 1.14286
 17.4 3.71429 1.14286
 17.5 3.71429 1.14286
 17.6 3.71429 1.14286
 17.7 3.71429 1.14286
 17.8 3.71429 1.14286
 17.9 3.71429 1.14286
 18 3.71429 1.14286
 18.1 3.68953 1.14179
 18.2 3.61693 1.13853
 18.3 3.49901 1.13282
 18.4 3.33829 1.12417
 18.5 3.13728 1.11197
 18.6 2.8985 1.09549
 18.7 2.62447 1.0739
 18.8 2.31771 1.04635
 18.9 1.98074 1.01195
 19 1.61607 0.969866
 19.1 1.22622 0.919282
 19.2 0.813714 0.859465
 19.3 0.381062 0.789775
 19.4 -0.0692143 0.709687
 19.5 -0.534598 0.618809
 19.6 -1.01257 0.516901
 19.7 -1.50062 0.403881
 19.8 -1.99621 0.279843
 19.9 -2.49685 0.145062
 20 -3 0
 20.1 -2.49685 0.145062
 20.2 -1.99621 0.279843
 20.3 -1.50062 0.403881
 20.4 -1.01257 0.516901
 20.5 -0.534598 0.618809
 20.6 -0.0692143 0.709687
 20.7 0.381062 0.789775
 20.8 0.813714 0.859465
 20.9 1.22622 0.919282
 21 1.61607 0.969866
 21.1 1.98074 1.01195
 21.2 2.31771 1.04635
 21.3 2.62447 1.0739
 21.4 2.8985 1.09549
 21.5 3.13728 1.11197
 21.6 3.33829 1.12417
 21.7 3.49901 1.13282
 21.8 3.61693 1.13853
 21.9 3.68953 1.14179
 22 3.71429 1.14286
 22.1 3.71429 1.14286
 22.2 3.71429 1.14286
 22.3 3.71429 1.14286
 22.4 3.71429 1.14286
 22.5 3.71429 1.14286
 22.6 3.71429 1.14286
 22.7 3.71429 1.14286
 22.8 3.71429 1.14286
 22.9 3.71429 1.14286
 23 3.71429 1.14286
 23.1 3.71429 1.14286
 23.2 3.71429 1.14286
 23.3 3.71429 1.14286
 23.4 3.71429 1.14286
 23.5 3.71429 1.14286
 23.6 3.71429 1.14286
 23.7 3.71429 1.14286
 23.8 3.71429 1.14286
 23.9 3.71429 1.14286
 24 3.71429 1.14286
 24.1 3.71429 1.14286
 24.2 3.71429 1.14286
 24.3 3.71429 1.14286
 24.4 3.71429 1.14286
 24.5 3.71429 1.14286
 24.6 3.71429 1.14286
 24.7 3.71429 1.14286
 24.8 3.71429 1.14286
 24.9 3.71429 1.14286
 25 3.71429 1.14286
 25.1 3.71429 1.14286
 25.2 3.71429 1.14286
 25.3 3.71429 1.14286
 25.4 3.71429 1.14286
 25.5 3.71429 1.14286
 25.6 3.71429 1.14286
 25.7 3.71429 1.14286
 25.8 3.71429 1.14286
 25.9 3.71429 1.14286
 26 3.71429 1.14286
 26.1 3.71429 1.14286
 26.2 3.71429 1.14286
 26.3 3.71429 1.14286
 26.4 3.71429 1.14286
 26.5 3.71429 1.14286
 26.6 3.71429 1.14286
 26.7 3.71429 1.14286
 26.8 3.71429 1.14286
 26.9 3.71429 1.14286
 27 3.71429 1.14286
 27.1 3.71429 1.14286
 27.2 3.71429 1.14286
 27.3 3.71429 1.14286
 27.4 3.71429 1.14286
 27.5 3.71429 1.14286
 27.6 3.71429 1.14286
 27.7 3.71429 1.14286
 27.8 3.71429 1.14286
 27.9 3.71429 1.14286
 28 3.71429 1.14286
 28.1 3.71903 1.14179
 28.2 3.73293 1.13853
 28.3 3.75551 1.13282
 28.4 3.78629 1.12417
 28.5 3.82478 1.11197
 28.6 3.8705 1.09549
 28.7 3.92297 1.0739
 28.8 3.98171 1.04635
 28.9 4.04624 1.01195
 29 4.11607 0.969866
 29.1 4.19072 0.919282
 29.2 4.26971 0.859465
 29.3 4.35256 0.789775
 29.4 4.43879 0.709687
 29.5 4.5279 0.618809
 29.6 4.61943 0.516901
 29.7 4.71288 0.403881
 29.8 4.80779 0.279843
 29.9 4.90365 0.145062
 30 5 0
 30.1 4.90365 0.145062
 30.2 4.80779 0.279843
 30.3 4.71288 0.403881
 30.4 4.61943 0.516901
 30.5 4.5279 0.618809
 30.6 4.43879 0.709687
 30.7 4.35256 0.789775
 30.8 4.26971 0.859465
 30.9 4.19072 0.919282
 31 4.11607 0.969866
 31.1 4.04624 1.01195
 31.2 3.98171 1.04635
 31.3 3.92297 1.0739
 31.4 3.8705 1.09549
 31.5 3.82478 1.11197
 31.6 3.78629 1.12417
 31.7 3.75551 1.13282
 31.8 3.73293 1.13853
 31.9 3.71903 1.14179
 32 3.71429 1.14286
 32.1 3.71429 1.14286
 32.2 3.71429 1.14286
 32.3 3.71429 1.14286
 32.4 3.71429 1.14286
 32.5 3.71429 1.14286
 32.6 3.71429 1.14286
 32.7 3.71429 1.14286
 32.8 3.71429 1.14286
 32.9 3.71429 1.14286
 33 3.71429 1.14286
 33.1 3.71429 1.14286
 33.2 3.71429 1.14286
 33.3 3.71429 1.14286
 33.4 3.71429 1.14286
 33.5 3.71429 1.14286
 33.6 3.71429 1.14286
 33.7 3.71429 1.14286
 33.8 3.71429 1.14286
 33.9 3.71429 1.14286
 34 3.71429 1.14286
 34.1 3.71429 1.14286
 34.2 3.71429 1.14286
 34.3 3.71429 1.14286
 34.4 3.71429 1.14286
 34.5 3.71429 1.14286
 34.6 3.71429 1.14286
 34.7 3.71429 1.14286
 34.8 3.71429 1.14286
 34.9 3.71429 1.14286
 35 3.71429 1.14286
 35.1 3.71429 1.14286
 35.2 3.71429 1.14286
 35.3 3.71429 1.14286
 35.4 3.71429 1.14286
 35.5 3.71429 1.14286
 35.6 3.71429 1.14286
 35.7 3.71429 1.14286
 35.8 3.71429 1.14286
 35.9 3.71429 1.14286
 36 3.71429 1.14286
 36.1 3.71429 1.14286
 36.2 3.71429 1.14286
 36.3 3.71429 1.14286
 36.4 3.71429 1.14286
 36.5 3.71429 1.14286
 36.6 3.71429 1.14286
 36.7 3.71429 1.14286
 36.8 3.71429 1.14286
 36.9 3.71429 1.14286
 37 3.71429 1.14286
 37.1 3.71429 1.14286
 37.2 3.71429 1.14286
 37.3 3.71429 1.14286
 37.4 3.71429 1.14286
 37.5 3.71429 1.14286
 37.6 3.71429 1.14286
 37.7 3.71429 1.14286
 37.8 3.71429 1.14286
 37.9 3.71429 1.14286
 38 3.71429 1.14286
 38.1 3.71903 1.14179
 38.2 3.73293 1.13853
 38.3 3.75551 1.13282
 38.4 3.78629 1.12417
 38.5 3.82478 1.11197
 38.6 3.8705 1.09549
 38.7 3.92297 1.0739
 38.8 3.98171 1.04635
 38.9 4.04624 1.01195
 39 4.11607 0.969866
 39.1 4.19072 0.919282
 39.2 4.26971 0.859465
 39.3 4.35256 0.789775
 39.4 4.43879 0.709687
 39.5 4.5279 0.618809
 39.6 4.61943 0.516901
 39.7 4.71288 0.403881
 39.8 4.80779 0.279843
 39.9 4.90365 0.145062
 40 5 0
 40.1 4.90365 0.145062
 40.2 4.80779 0.279843
 40.3 4.71288 0.403881
 40.4 4.61943 0.516901
 40.5 4.5279 0.618809
 40.6 4.43879 0.709687
 40.7 4.35256 0.789775
 40.8 4.26971 0.859465
 40.9 4.19072 0.919282
 41 4.11607 0.969866
 41.1 4.04624 1.01195
 41.2 3.98171 1.04635
 41.3 3.92297 1.0739
 41.4 3.8705 1.09549
 41.5 3.82478 1.11197
 41.6 3.78629 1.12417
 41.7 3.75551 1.13282
 41.8 3.73293 1.13853
 41.9 3.71903 1.14179
 42 3.71429 1.14286
 42.1 3.71429 1.14286
 42.2 3.71429 1.14286
 42.3 3.71429 1.14286
 42.4 3.71429 1.14286
 42.5 3.71429 1.14286
 42.6 3.71429 1.14286
 42.7 3.71429 1.14286
 42.8 3.71429 1.14286
 42.9 3.71429 1.14286
 43 3.71429 1.14286
 43.1 3.71429 1.14286
 43.2 3.71429 1.14286
 43.3 3.71429 1.14286
 43.4 3.71429 1.14286
 43.5 3.71429 1.14286
 43.6 3.71429 1.14286
 43.7 3.71429 1.14286
 43.8 3.71429 1.14286
 43.9 3.71429 1.14286
 44 3.71429 1.14286
 44.1 3.71429 1.14286
 44.2 3.71429 1.14286
 44.3 3.71429 1.14286
 44.4 3.71429 1.14286
 44.5 3.71429 1.14286
 44.6 3.71429 1.14286
 44.7 3.71429 1.14286
 44.8 3.71429 1.14286
 44.9 3.71429 1.14286
 45 3.71429 1.14286
 45.1 3.71429 1.14286
 45.2 3.71429 1.14286
 45.3 3.71429 1.14286
 45.4 3.71429 1.14286
 45.5 3.71429 1.14286
 45.6 3.71429 1.14286
 45.7 3.71429 1.14286
 45.8 3.71429 1.14286
 45.9 3.71429 1.14286
 46 3.71429 1.14286
 46.1 3.71429 1.14286
 46.2 3.71429 1.14286
 46.3 3.71429 1.14286
 46.4 3.71429 1.14286
 46.5 3.71429 1.14286
 46.6 3.71429 1.14286
 46.7 3.71429 1.14286
 46.8 3.71429 1.14286
 46.9 3.71429 1.14286
 47 3.71429 1.14286
 47.1 3.71429 1.14286
 47.2 3.71429 1.14286
 47.3 3.71429 1.14286
 47.4 3.71429 1.14286
 47.5 3.71429 1.14286
 47.6 3.71429 1.14286
 47.7 3.71429 1.14286
 47.8 3.71429 1.14286
 47.9 3.71429 1.14286
 48 3.71429 1.14286
 48.1 3.6969 1.14179
 48.2 3.64593 1.13853
 48.3 3.56313 1.13282
 48.4 3.45029 1.12417
 48.5 3.30915 1.11197
 48.6 3.1415 1.09549
 48.7 2.9491 1.0739
 48.8 2.73371 1.04635
 48.9 2.49712 1.01195
 49 2.24107 0.969866
 49.1 1.96735 0.919282
 49.2 1.67771 0.859465
 49.3 1.37394 0.789775
 49.4 1.05779 0.709687
 49.5 0.731027 0.618809
 49.6 0.395429 0.516901
 49.7 0.0527589 0.403881
 49.8 -0.295214 0.279843
 49.9 -0.646723 0.145062
 50 -1 0
 50.1 -0.646723 0.145062
 50.2 -0.295214 0.279843
 50.3 0.0527589 0.403881
 50.4 0.395429 0.516901
 50.5 0.731027 0.618809
 50.6 1.05779 0.709687
 50.7 1.37394 0.789775
 50.8 1.67771 0.859465
 50.9 1.96735 0.919282
 51 2.24107 0.969866
 51.1 2.49712 1.01195
 51.2 2.73371 1.04635
 51.3 2.9491 1.0739
 51.4 3.1415 1.09549
 51.5 3.30915 1.11197
 51.6 3.45029 1.12417
 51.7 3.56313 1.13282
 51.8 3.64593 1.13853
 51.9 3.6969 1.14179
 52 3.71429 1.14286
 52.1 3.71429 1.14286
 52.2 3.71429 1.14286
 52.3 3.71429 1.14286
 52.4 3.71429 1.14286
 52.5 3.71429 1.14286
 52.6 3.71429 1.14286
 52.7 3.71429 1.14286
 52.8 3.71429 1.14286
 52.9 3.71429 1.14286
 53 3.71429 1.14286
 53.1 3.71429 1.14286
 53.2 3.71429 1.14286
 53.3 3.71429 1.14286
 53.4 3.71429 1.14286
 53.5 3.71429 1.14286
 53.6 3.71429 1.14286
 53.7 3.71429 1.14286
 53.8 3.71429 1.14286
 53.9 3.71429 1.14286
 54 3.71429 1.14286
 54.1 3.71429 1.14286
 54.2 3.71429 1.14286
 54.3 3.71429 1.14286
 54.4 3.71429 1.14286
 54.5 3.71429 1.14286
 54.6 3.71429 1.14286
 54.7 3.71429 1.14286
 54.8 3.71429 1.14286
 54.9 3.71429 1.14286
 55 3.71429 1.14286
 55.1 3.71429 1.14286
 55.2 3.71429 1.14286
 55.3 3.71429 1.14286
 55.4 3.71429 1.14286
 55.5 3.71429 1.14286
 55.6 3.71429 1.14286
 55.7 3.71429 1.14286
 55.8 3.71429 1.14286
 55.9 3.71429 1.14286
 56 3.71429 1.14286
 56.1 3.71429 1.14286
 56.2 3.71429 1.14286
 56.3 3.71429 1.14286
 56.4 3.71429 1.14286
 56.5 3.71429 1.14286
 56.6 3.71429 1.14286
 56.7 3.71429 1.14286
 56.8 3.71429 1.14286
 56.9 3.71429 1.14286
 57 3.71429 1.14286
 57.1 3.71429 1.14286
 57.2 3.71429 1.14286
 57.3 3.71429 1.14286
 57.4 3.71429 1.14286
 57.5 3.71429 1.14286
 57.6 3.71429 1.14286
 57.7 3.71429 1.14286
 57.8 3.71429 1.14286
 57.9 3.71429 1.14286
 58 3.71429 1.14286
 58.1 3.73378 1.14179
 58.2 3.79093 1.13853
 58.3 3.88376 1.13282
 58.4 4.01029 1.12417
 58.5 4.16853 1.11197
 58.6 4.3565 1.09549
 58.7 4.57222 1.0739
 58.8 4.81371 1.04635
 58.9 5.07899 1.01195
 59 5.36607 0.969866
 59.1 5.67297 0.919282
 59.2 5.99771 0.859465
 59.3 6.33831 0.789775
 59.4 6.69279 0.709687
 59.5 7.05915 0.618809
 59.6 7.43543 0.516901
 59.7 7.81963 0.403881
 59.8 8.20979 0.279843
 59.9 8.6039 0.145062
 60 9 0
 60.1 8.6039 0.145062
 60.2 8.20979 0.279843
 60.3 7.81963 0.403881
 60.4 7.43543 0.516901
 60.5 7.05915 0.618809
 60.6 6.69279 0.709687
 60.7 6.33831 0.789775
 60.8 5.99771 0.859465
 60.9 5.67297 0.919282
 61 5.36607 0.969866
 61.1 5.07899 1.01195
 61.2 4.81371 1.04635
 61.3 4.57222 1.0739
 61.4 4.3565 1.09549
 61.5 4.16853 1.11197
 61.6 4.01029 1.12417
 61.7 3.88376 1.13282
 61.8 3.79093 1.13853
 61.9 3.73378 1.14179
 62 3.71429 1.14286
 62.1 3.71429 1.14286
 62.2 3.71429 1.14286
 62.3 3.71429 1.14286
 62.4 3.71429 1.14286
 62.5 3.71429 1.14286
 62.6 3.71429 1.14286
 62.7 3.71429 1.14286
 62.8 3.71429 1.14286
 62.9 3.71429 1.14286
 63 3.71429 1.14286
 63.1 3.71429 1.14286
 63.2 3.71429 1.14286
 63.3 3.71429 1.14286
 63.4 3.71429 1.14286
 63.5 3.71429 1.14286
 63.6 3.71429 1.14286
 63.7 3.71429 1.14286
 63.8 3.71429 1.14286
 63.9 3.71429 1.14286
 64 3.71429 1.14286
 64.1 3.71429 1.14286
 64.2 3.71429 1.14286
 64.3 3.71429 1.14286
 64.4 3.71429 1.14286
 64.5 3.71429 1.14286
 64.6 3.71429 1.14286
 64.7 3.71429 1.14286
 64.8 3.71429 1.14286
 64.9 3.71429 1.14286
 65 3.71429 1.14286
 65.1 3.71429 1.14286
 65.2 3.71429 1.14286
 65.3 3.71429 1.14286
 65.4 3.71429 1.14286
 65.5 3.71429 1.14286
 65.6 3.71429 1.14286
 65.7 3.71429 1.14286
 65.8 3.71429 1.14286
 65.9 3.71429 1.14286
 66 3.71429 1.14286
 66.1 3.71429 1.14286
 66.2 3.71429 1.14286
 66.3 3.71429 1.14286
 66.4 3.71429 1.14286
 66.5 3.71429 1.14286
 66.6 3.71429 1.14286
 66.7 3.71429 1.14286
 66.8 3.71429 1.14286
 66.9 3.71429 1.14286
 67 3.71429 1.14286
 67.1 3.71429 1.14286
 67.2 3.71429 1.14286
 67.3 3.71429 1.14286
 67.4 3.71429 1.14286
 67.5 3.71429 1.14286
 67.6 3.71429 1.14286
 67.7 3.71429 1.14286
 67.8 3.71429 1.14286
 67.9 3.71429 1.14286
 68 3.71429 1.14286
 68.1 3.73378 1.14179
 68.2 3.79093 1.13853
 68.3 3.88376 1.13282
 68.4 4.01029 1.12417
 68.5 4.16853 1.11197
 68.6 4.3565 1.09549
 68.7 4.57222 1.0739
 68.8 4.81371 1.04635
 68.9 5.07899 1.01195
 69 5.36607 0.969866
 69.1 5.67297 0.919282
 69.2 5.99771 0.859465
 69.3 6.33831 0.789775
 69.4 6.69279 0.709687
 69.5 7.05915 0.618809
 69.6 7.43543 0.516901
 69.7 7.81963 0.403881
 69.8 8.20979 0.279843
 69.9 8.6039 0.145062
 70 9 0
